# JRE version: Java(TM) SE Runtime Environment (8.0_101-b13) (build 1.8.0_101-b13)
# Java VM: Java HotSpot(TM) 64-Bit Server VM (25.101-b13 mixed mode windows-amd64 compressed oops)
Heap:
 PSYoungGen      total 471040K, used 230176K [0x00000000d5b80000, 0x00000000ff580000, 0x0000000100000000)
  eden space 287232K, 42% used [0x00000000d5b80000,0x00000000dd210a40,0x00000000e7400000)
  from space 183808K, 59% used [0x00000000e7400000,0x00000000ede37910,0x00000000f2780000)
  to   space 183296K, 0% used [0x00000000f4280000,0x00000000f4280000,0x00000000ff580000)
 ParOldGen       total 920576K, used 696302K [0x0000000081200000, 0x00000000b9500000, 0x00000000d5b80000)
  object space 920576K, 75% used [0x0000000081200000,0x00000000ab9fb928,0x00000000b9500000)
 Metaspace       used 6648K, capacity 6979K, committed 7168K, reserved 1056768K
  class space    used 619K, capacity 656K, committed 768K, reserved 1048576K
GC Heap History (10 events):
Event: 50.131 GC heap before
{Heap before GC invocations=48 (full 5):
 PSYoungGen      total 474112K, used 287806K [0x00000000d5b80000, 0x0000000100000000, 0x0000000100000000)
  eden space 257024K, 100% used [0x00000000d5b80000,0x00000000e5680000,0x00000000e5680000)
  from space 217088K, 14% used [0x00000000f2980000,0x00000000f478f910,0x00000000ffd80000)
  to   space 216064K, 0% used [0x00000000e5680000,0x00000000e5680000,0x00000000f2980000)
 ParOldGen       total 920576K, used 696302K [0x0000000081200000, 0x00000000b9500000, 0x00000000d5b80000)
  object space 920576K, 75% used [0x0000000081200000,0x00000000ab9fb928,0x00000000b9500000)
 Metaspace       used 6648K, capacity 6979K, committed 7168K, reserved 1056768K
  class space    used 619K, capacity 656K, committed 768K, reserved 1048576K
Event: 50.148 GC heap after
Heap after GC invocations=48 (full 5):
 PSYoungGen      total 303104K, used 45822K [0x00000000d5b80000, 0x00000000ff400000, 0x0000000100000000)
  eden space 257024K, 0% used [0x00000000d5b80000,0x00000000d5b80000,0x00000000e5680000)
  from space 46080K, 99% used [0x00000000e5680000,0x00000000e833f910,0x00000000e8380000)
  to   space 210432K, 0% used [0x00000000f2680000,0x00000000f2680000,0x00000000ff400000)
 ParOldGen       total 920576K, used 696302K [0x0000000081200000, 0x00000000b9500000, 0x00000000d5b80000)
  object space 920576K, 75% used [0x0000000081200000,0x00000000ab9fb928,0x00000000b9500000)
 Metaspace       used 6648K, capacity 6979K, committed 7168K, reserved 1056768K
  class space    used 619K, capacity 656K, committed 768K, reserved 1048576K
}
Event: 51.088 GC heap before
{Heap before GC invocations=49 (full 5):
 PSYoungGen      total 303104K, used 302846K [0x00000000d5b80000, 0x00000000ff400000, 0x0000000100000000)
  eden space 257024K, 100% used [0x00000000d5b80000,0x00000000e5680000,0x00000000e5680000)
  from space 46080K, 99% used [0x00000000e5680000,0x00000000e833f910,0x00000000e8380000)
  to   space 210432K, 0% used [0x00000000f2680000,0x00000000f2680000,0x00000000ff400000)
 ParOldGen       total 920576K, used 696302K [0x0000000081200000, 0x00000000b9500000, 0x00000000d5b80000)
  object space 920576K, 75% used [0x0000000081200000,0x00000000ab9fb928,0x00000000b9500000)
 Metaspace       used 6648K, capacity 6979K, committed 7168K, reserved 1056768K
  class space    used 619K, capacity 656K, committed 768K, reserved 1048576K
Event: 51.108 GC heap after
Heap after GC invocations=49 (full 5):
 PSYoungGen      total 478720K, used 60688K [0x00000000d5b80000, 0x00000000ff980000, 0x0000000100000000)
  eden space 268288K, 0% used [0x00000000d5b80000,0x00000000d5b80000,0x00000000e6180000)
  from space 210432K, 28% used [0x00000000f2680000,0x00000000f61c4080,0x00000000ff400000)
  to   space 201728K, 0% used [0x00000000e6180000,0x00000000e6180000,0x00000000f2680000)
 ParOldGen       total 920576K, used 696302K [0x0000000081200000, 0x00000000b9500000, 0x00000000d5b80000)
  object space 920576K, 75% used [0x0000000081200000,0x00000000ab9fb928,0x00000000b9500000)
 Metaspace       used 6648K, capacity 6979K, committed 7168K, reserved 1056768K
  class space    used 619K, capacity 656K, committed 768K, reserved 1048576K
}
Event: 52.072 GC heap before
{Heap before GC invocations=50 (full 5):
 PSYoungGen      total 478720K, used 328976K [0x00000000d5b80000, 0x00000000ff980000, 0x0000000100000000)
  eden space 268288K, 100% used [0x00000000d5b80000,0x00000000e6180000,0x00000000e6180000)
  from space 210432K, 28% used [0x00000000f2680000,0x00000000f61c4080,0x00000000ff400000)
  to   space 201728K, 0% used [0x00000000e6180000,0x00000000e6180000,0x00000000f2680000)
 ParOldGen       total 920576K, used 696302K [0x0000000081200000, 0x00000000b9500000, 0x00000000d5b80000)
  object space 920576K, 75% used [0x0000000081200000,0x00000000ab9fb928,0x00000000b9500000)
 Metaspace       used 6648K, capacity 6979K, committed 7168K, reserved 1056768K
  class space    used 619K, capacity 656K, committed 768K, reserved 1048576K
Event: 52.098 GC heap after
Heap after GC invocations=50 (full 5):
 PSYoungGen      total 470016K, used 76336K [0x00000000d5b80000, 0x00000000fe180000, 0x0000000100000000)
  eden space 268288K, 0% used [0x00000000d5b80000,0x00000000d5b80000,0x00000000e6180000)
  from space 201728K, 37% used [0x00000000e6180000,0x00000000eac0c080,0x00000000f2680000)
  to   space 190464K, 0% used [0x00000000f2780000,0x00000000f2780000,0x00000000fe180000)
 ParOldGen       total 920576K, used 696302K [0x0000000081200000, 0x00000000b9500000, 0x00000000d5b80000)
  object space 920576K, 75% used [0x0000000081200000,0x00000000ab9fb928,0x00000000b9500000)
 Metaspace       used 6648K, capacity 6979K, committed 7168K, reserved 1056768K
  class space    used 619K, capacity 656K, committed 768K, reserved 1048576K
}
Event: 53.039 GC heap before
{Heap before GC invocations=51 (full 5):
 PSYoungGen      total 470016K, used 344624K [0x00000000d5b80000, 0x00000000fe180000, 0x0000000100000000)
  eden space 268288K, 100% used [0x00000000d5b80000,0x00000000e6180000,0x00000000e6180000)
  from space 201728K, 37% used [0x00000000e6180000,0x00000000eac0c080,0x00000000f2680000)
  to   space 190464K, 0% used [0x00000000f2780000,0x00000000f2780000,0x00000000fe180000)
 ParOldGen       total 920576K, used 696302K [0x0000000081200000, 0x00000000b9500000, 0x00000000d5b80000)
  object space 920576K, 75% used [0x0000000081200000,0x00000000ab9fb928,0x00000000b9500000)
 Metaspace       used 6648K, capacity 6979K, committed 7168K, reserved 1056768K
  class space    used 619K, capacity 656K, committed 768K, reserved 1048576K
Event: 53.068 GC heap after
Heap after GC invocations=51 (full 5):
 PSYoungGen      total 477696K, used 91888K [0x00000000d5b80000, 0x00000000fe200000, 0x0000000100000000)
  eden space 287232K, 0% used [0x00000000d5b80000,0x00000000d5b80000,0x00000000e7400000)
  from space 190464K, 48% used [0x00000000f2780000,0x00000000f813c080,0x00000000fe180000)
  to   space 183808K, 0% used [0x00000000e7400000,0x00000000e7400000,0x00000000f2780000)
 ParOldGen       total 920576K, used 696302K [0x0000000081200000, 0x00000000b9500000, 0x00000000d5b80000)
  object space 920576K, 75% used [0x0000000081200000,0x00000000ab9fb928,0x00000000b9500000)
 Metaspace       used 6648K, capacity 6979K, committed 7168K, reserved 1056768K
  class space    used 619K, capacity 656K, committed 768K, reserved 1048576K
}
Event: 54.263 GC heap before
{Heap before GC invocations=52 (full 5):
 PSYoungGen      total 477696K, used 379120K [0x00000000d5b80000, 0x00000000fe200000, 0x0000000100000000)
  eden space 287232K, 100% used [0x00000000d5b80000,0x00000000e7400000,0x00000000e7400000)
  from space 190464K, 48% used [0x00000000f2780000,0x00000000f813c080,0x00000000fe180000)
  to   space 183808K, 0% used [0x00000000e7400000,0x00000000e7400000,0x00000000f2780000)
 ParOldGen       total 920576K, used 696302K [0x0000000081200000, 0x00000000b9500000, 0x00000000d5b80000)
  object space 920576K, 75% used [0x0000000081200000,0x00000000ab9fb928,0x00000000b9500000)
 Metaspace       used 6648K, capacity 6979K, committed 7168K, reserved 1056768K
  class space    used 619K, capacity 656K, committed 768K, reserved 1048576K
Event: 54.300 GC heap after
Heap after GC invocations=52 (full 5):
 PSYoungGen      total 471040K, used 108766K [0x00000000d5b80000, 0x00000000ff580000, 0x0000000100000000)
  eden space 287232K, 0% used [0x00000000d5b80000,0x00000000d5b80000,0x00000000e7400000)
  from space 183808K, 59% used [0x00000000e7400000,0x00000000ede37910,0x00000000f2780000)
  to   space 183296K, 0% used [0x00000000f4280000,0x00000000f4280000,0x00000000ff580000)
 ParOldGen       total 920576K, used 696302K [0x0000000081200000, 0x00000000b9500000, 0x00000000d5b80000)
  object space 920576K, 75% used [0x0000000081200000,0x00000000ab9fb928,0x00000000b9500000)
 Metaspace       used 6648K, capacity 6979K, committed 7168K, reserved 1056768K
  class space    used 619K, capacity 656K, committed 768K, reserved 1048576K
}

